<?xml version="1.0" encoding="UTF-8"?>
<testng-results skipped="0" failed="0" total="1" passed="1">
  <reporter-output>
  </reporter-output>
  <suite name="Default suite" duration-ms="204380" started-at="2016-04-21T17:37:48Z" finished-at="2016-04-21T17:41:12Z">
    <groups>
    </groups>
    <test name="Default test" duration-ms="204380" started-at="2016-04-21T17:37:48Z" finished-at="2016-04-21T17:41:12Z">
      <class name="tests.TestAnonymousUser">
        <test-method status="PASS" signature="before()[pri:0, instance:tests.TestAnonymousUser@527740a2]" name="before" is-config="true" duration-ms="24859" started-at="2016-04-21T13:37:48Z" finished-at="2016-04-21T13:38:13Z">
          <reporter-output>
          </reporter-output>
        </test-method> <!-- before -->
        <test-method status="PASS" signature="AnonymousUserWorkflow()[pri:0, instance:tests.TestAnonymousUser@527740a2]" name="AnonymousUserWorkflow" duration-ms="169310" started-at="2016-04-21T13:38:13Z" finished-at="2016-04-21T13:41:02Z">
          <reporter-output>
          </reporter-output>
        </test-method> <!-- AnonymousUserWorkflow -->
        <test-method status="PASS" signature="after()[pri:0, instance:tests.TestAnonymousUser@527740a2]" name="after" is-config="true" duration-ms="10197" started-at="2016-04-21T13:41:02Z" finished-at="2016-04-21T13:41:12Z">
          <reporter-output>
          </reporter-output>
        </test-method> <!-- after -->
      </class> <!-- tests.TestAnonymousUser -->
    </test> <!-- Default test -->
  </suite> <!-- Default suite -->
</testng-results>
